0 info it worked if it ends with ok
1 verbose cli [ 'node', '/Users/Art/.nvm/v0.10.44/bin/npm', 'start' ]
2 info using npm@3.10.10
3 info using node@v0.10.44
4 verbose run-script [ 'prestart', 'start', 'poststart' ]
5 info lifecycle fabmo-part-maker@1.0.0~prestart: fabmo-part-maker@1.0.0
6 silly lifecycle fabmo-part-maker@1.0.0~prestart: no script for prestart, continuing
7 info lifecycle fabmo-part-maker@1.0.0~start: fabmo-part-maker@1.0.0
8 verbose lifecycle fabmo-part-maker@1.0.0~start: unsafe-perm in lifecycle true
9 verbose lifecycle fabmo-part-maker@1.0.0~start: PATH: /Users/Art/.nvm/v0.10.44/lib/node_modules/npm/bin/node-gyp-bin:/Users/Art/Desktop/shopbot projects/fabmo-part-maker/node_modules/.bin:/Users/Art/.nvm/v0.10.44/bin:/Library/Frameworks/Python.framework/Versions/3.6/bin:/Users/Art/.rbenv/shims:/usr/local/bin:/usr/bin:/bin:/usr/sbin:/sbin:/usr/local/git/bin:/Users/Art/Library/Android/sdk/platform-tools:/Users/myname/Library/Android/sdk/tools:/Applications/Visual Studio Code.app/Contents/Resources/app/bin
10 verbose lifecycle fabmo-part-maker@1.0.0~start: CWD: /Users/Art/Desktop/shopbot projects/fabmo-part-maker
11 silly lifecycle fabmo-part-maker@1.0.0~start: Args: [ '-c', 'NODE_ENV=development grunt dev' ]
12 silly lifecycle fabmo-part-maker@1.0.0~start: Returned: code: 3  signal: null
13 info lifecycle fabmo-part-maker@1.0.0~start: Failed to exec start script
14 verbose stack Error: fabmo-part-maker@1.0.0 start: `NODE_ENV=development grunt dev`
14 verbose stack Exit status 3
14 verbose stack     at EventEmitter.<anonymous> (/Users/Art/.nvm/v0.10.44/lib/node_modules/npm/lib/utils/lifecycle.js:255:16)
14 verbose stack     at EventEmitter.emit (events.js:98:17)
14 verbose stack     at ChildProcess.<anonymous> (/Users/Art/.nvm/v0.10.44/lib/node_modules/npm/lib/utils/spawn.js:40:14)
14 verbose stack     at ChildProcess.emit (events.js:98:17)
14 verbose stack     at maybeClose (child_process.js:766:16)
14 verbose stack     at Process.ChildProcess._handle.onexit (child_process.js:833:5)
15 verbose pkgid fabmo-part-maker@1.0.0
16 verbose cwd /Users/Art/Desktop/shopbot projects/fabmo-part-maker
17 error Darwin 17.5.0
18 error argv "node" "/Users/Art/.nvm/v0.10.44/bin/npm" "start"
19 error node v0.10.44
20 error npm  v3.10.10
21 error code ELIFECYCLE
22 error fabmo-part-maker@1.0.0 start: `NODE_ENV=development grunt dev`
22 error Exit status 3
23 error Failed at the fabmo-part-maker@1.0.0 start script 'NODE_ENV=development grunt dev'.
23 error Make sure you have the latest version of node.js and npm installed.
23 error If you do, this is most likely a problem with the fabmo-part-maker package,
23 error not with npm itself.
23 error Tell the author that this fails on your system:
23 error     NODE_ENV=development grunt dev
23 error You can get information on how to open an issue for this project with:
23 error     npm bugs fabmo-part-maker
23 error Or if that isn't available, you can get their info via:
23 error     npm owner ls fabmo-part-maker
23 error There is likely additional logging output above.
24 verbose exit [ 1, true ]
